<?xml version="1.0" encoding="UTF-8"?>
<!-- Generated by org.testng.reporters.JUnitReportReporter -->
<testsuite hostname="NEgoshina" name="aes.tests.CompanyModuleTests" tests="1" failures="0" timestamp="27 Apr 2016 08:47:48 GMT" time="6.398" errors="0">
  <testcase name="validLogin" time="6.398" classname="aes.tests.CompanyModuleTests"/>
</testsuite> <!-- aes.tests.CompanyModuleTests -->
