<?xml version="1.0" encoding="UTF-8"?>
<!-- Generated by org.testng.reporters.JUnitReportReporter -->
<testsuite hostname="NEgoshina" name="aes.tests.PersonModuleTests" tests="1" failures="0" timestamp="27 Apr 2016 08:47:48 GMT" time="3.515" errors="0">
  <testcase name="validLogin" time="3.515" classname="aes.tests.PersonModuleTests"/>
</testsuite> <!-- aes.tests.PersonModuleTests -->
