<?xml version="1.0" encoding="UTF-8"?>
<!-- Generated by org.testng.reporters.JUnitReportReporter -->
<testsuite hostname="NEgoshina" name="aes.tests.PersonModuleTests" tests="1" failures="0" timestamp="27 Apr 2016 11:31:00 GMT" time="6.698" errors="0">
  <testcase name="validLogin" time="6.698" classname="aes.tests.PersonModuleTests"/>
</testsuite> <!-- aes.tests.PersonModuleTests -->
