<?xml version="1.0" encoding="UTF-8"?>
<!-- Generated by org.testng.reporters.JUnitReportReporter -->
<testsuite hostname="NEgoshina" name="tests.PersonModuleTests" tests="2" failures="0" timestamp="26 Apr 2016 14:20:55 GMT" time="5.513" errors="0">
  <testcase name="invalidLogin" time="1.712" classname="tests.PersonModuleTests"/>
  <testcase name="validLogin" time="3.801" classname="tests.PersonModuleTests"/>
</testsuite> <!-- tests.PersonModuleTests -->
